<?xml version="1.0" encoding="UTF-8"?>
<testng-results ignored="0" total="1" passed="1" failed="0" skipped="0">
  <reporter-output>
  </reporter-output>
  <suite started-at="2023-08-02T00:05:22 IST" name="Default suite" finished-at="2023-08-02T00:05:38 IST" duration-ms="16453">
    <groups>
    </groups>
    <test started-at="2023-08-02T00:05:22 IST" name="Default test" finished-at="2023-08-02T00:05:38 IST" duration-ms="16453">
      <class name="TestCases.SearchTestCases">
        <test-method is-config="true" signature="LaunchBrowserandUrl()[pri:0, instance:TestCases.SearchTestCases@313ac989]" started-at="2023-08-02T00:05:22 IST" name="LaunchBrowserandUrl" finished-at="2023-08-02T00:05:26 IST" duration-ms="4583" status="PASS">
          <reporter-output>
          </reporter-output>
        </test-method> <!-- LaunchBrowserandUrl -->
        <test-method signature="Search()[pri:0, instance:TestCases.SearchTestCases@313ac989]" started-at="2023-08-02T00:05:26 IST" name="Search" finished-at="2023-08-02T00:05:38 IST" duration-ms="11819" status="PASS">
          <reporter-output>
          </reporter-output>
        </test-method> <!-- Search -->
      </class> <!-- TestCases.SearchTestCases -->
    </test> <!-- Default test -->
  </suite> <!-- Default suite -->
</testng-results>
